
24.56970;527.56659;11.36352;1931.854980;3049.131836;0.002304

18.74272;464.33472;9.64394;1903.313599;3028.646240;0.002080

16.77050;463.00797;9.64378;1890.286011;3018.361084;0.001984

16.76618;463.14383;9.63930;1889.333130;3015.972412;0.002016

16.79200;463.10098;9.63469;1896.427124;3026.008545;0.002144

16.78755;463.13055;9.63958;1898.433594;3019.754639;0.002016

16.78458;463.19278;9.62320;1903.876831;3021.420898;0.001984

24.34998;520.64893;11.33341;1908.045898;3050.845459;0.002336

18.81613;465.78726;9.64176;1910.326050;3035.131348;0.002080

16.79757;463.14331;9.63968;1894.594849;3117.816895;0.001984

16.79213;463.17993;9.65328;1890.646240;3017.458008;0.001984

16.80691;463.17300;9.65478;1890.174438;3020.439209;0.001984

16.80454;463.21198;9.63446;1889.009277;3025.737061;0.002048

24.39987;517.50647;11.32682;1901.010986;3041.262451;0.002304

18.77891;464.93301;9.61936;1917.028442;3027.955566;0.002080

16.79616;463.20343;9.62374;1897.831909;3015.560059;0.001984

16.80662;463.22119;9.64211;1890.495239;3023.764404;0.001984

16.78176;463.21777;9.63238;1893.038208;3023.807617;0.001984

24.36784;496.81882;11.33430;1896.031128;3038.803955;0.002272

17.18621;463.34180;9.65123;1898.607300;3024.208740;0.002048

16.79590;463.20209;9.62384;1894.891968;3021.703857;0.001984

16.81875;463.23877;9.64669;1895.717529;3017.080322;0.002016

16.79053;463.24661;9.62368;1903.279663;3023.750977;0.002144

16.79968;463.24899;9.62298;1891.685791;3017.052002;0.001984

16.79536;463.23663;9.62941;1895.191284;3015.480713;0.002016

24.38566;512.43573;11.31814;1914.530518;3041.653564;0.002560

18.81629;464.90134;9.64202;1900.016113;3027.016113;0.002208

16.81526;463.22470;9.62736;1890.170898;3019.259521;0.002016

16.77994;463.20914;9.64570;1895.038574;3021.157471;0.001984

16.78957;463.26044;9.62342;1882.081299;3021.360107;0.002208

16.80064;463.21082;9.64122;1892.334717;3016.775391;0.001984

16.80957;463.20242;9.65072;1891.226685;3024.180420;0.002016

24.37139;518.65308;11.32266;1907.927490;3037.594482;0.002304

18.81152;465.10275;9.64355;1906.474121;3029.377686;0.002176

16.79098;463.22018;9.64490;1901.249634;3022.001465;0.001984

16.80253;463.21817;9.63392;1899.761108;3023.680908;0.002016

16.80019;463.17474;9.63251;1905.305420;3023.124756;0.002016

16.79789;463.20712;9.64790;1910.356079;3017.937988;0.002016

16.80176;463.25766;9.62749;1897.204956;3021.910400;0.002016

24.37014;503.67230;11.33347;1904.852661;3041.277344;0.002304

17.18576;463.55972;9.62534;1898.618286;3022.702393;0.001984

16.80736;463.21951;9.63747;1896.864380;3022.311523;0.002016

16.79222;463.21835;9.62467;1900.788940;3012.219482;0.002016

16.80307;463.20901;9.65213;1901.592285;3017.379150;0.002016

16.78634;463.21021;9.62682;1898.743286;3018.871338;0.002016

18.30467;464.68127;9.64800;1904.728394;3024.458740;0.002304

16.81318;463.26846;9.61930;1904.481323;3022.255615;0.002272

16.80880;463.23636;9.64579;1901.285645;3027.823730;0.002016

16.78323;463.22003;9.62330;1893.182373;3019.805908;0.002016

16.79056;463.20779;9.65318;1887.819580;3854.233398;0.001984

16.80240;463.26596;9.62304;1889.445435;3019.024414;0.001984

18.29290;463.85043;9.61837;1890.398926;3021.608398;0.002080

16.79296;463.21054;9.64950;1897.406982;3019.341553;0.001984

16.80909;463.27585;9.64256;1885.527344;3020.386719;0.001984

16.79229;463.22888;9.65296;1894.700562;3018.687256;0.002016

16.78794;463.23343;9.65424;1903.684326;3018.271240;0.002016

16.78371;463.23334;9.62854;1897.843750;3023.208252;0.001984

22.37050;486.91757;10.25763;1904.445557;3036.292236;0.002240

17.46899;463.43683;9.65245;1900.688232;3028.224609;0.002048

16.80032;463.21323;9.62611;1893.867065;3023.568848;0.001984

16.79773;463.14575;9.65219;1896.461548;3015.747803;0.001984

16.78198;463.21503;9.65088;1905.137451;3021.651855;0.001984

16.80666;463.25742;9.64899;1905.510742;3022.416504;0.001984

24.40605;504.75531;11.33798;1897.937500;3043.895020;0.002304

16.79037;463.25363;9.64534;1896.013428;3022.604736;0.002016

16.79939;463.18423;9.64554;1897.024170;3024.742188;0.002048

16.79789;463.17810;9.63299;1897.465820;3022.948730;0.002016

16.79766;463.22522;9.64845;1904.461914;3018.980957;0.001984

16.81578;463.22672;9.64925;1904.892822;3024.269775;0.002016

18.30042;464.07932;9.64397;1897.237915;3030.025146;0.002080

16.80035;463.23785;9.65235;1899.798218;3019.730225;0.002016

16.80758;463.20975;9.63306;1892.687988;3026.409424;0.001984

16.78909;463.20166;9.64874;1904.566650;3016.934082;0.001984

16.81174;463.19308;9.65194;1900.262573;3026.956055;0.002016

16.80848;463.20303;9.64595;1887.307495;3024.044678;0.002016

18.76515;464.83411;9.61885;1892.201294;3028.781494;0.002112

16.80749;463.22607;9.64637;1895.714600;3018.909912;0.002016

16.80662;463.19775;9.62323;1894.848511;3016.195557;0.002048

16.79878;463.18961;9.65168;1894.378662;3019.279785;0.002016

16.79696;463.22018;9.62896;1903.735107;3023.089355;0.001984

16.78941;463.23709;9.65110;1891.086426;3019.963135;0.001984

18.25581;465.24722;9.61446;1895.695068;3022.330811;0.002080

16.81328;463.18265;9.65645;1897.036255;3017.261475;0.002048

16.79363;463.25711;9.62195;1888.763794;3023.229004;0.002048

16.78746;463.21741;9.64595;1891.085205;3023.313721;0.002016

16.78547;463.21301;9.65027;1896.669556;3026.102295;0.002016

16.81306;463.24646;9.62214;1896.313354;3037.379395;0.002144

18.26682;464.86404;9.63770;1891.394897;3025.447021;0.002080

16.82646;463.23926;9.64064;1893.207764;3019.135742;0.002016

16.79904;463.16031;9.64374;1895.934937;3018.945312;0.002016

16.80890;463.16025;9.64928;1905.046021;3025.421631;0.001984

16.79491;463.21704;9.65526;1896.107178;3022.046143;0.002016

16.80464;463.19650;9.65130;1896.437622;3018.559326;0.001984

18.29507;463.87711;9.64042;1897.130005;3027.291748;0.002048

16.79744;463.24445;9.64454;1904.245972;3024.604736;0.002048

16.79712;463.18057;9.64806;1904.624390;3016.258789;0.002016

16.81194;463.21402;9.64867;1901.696899;3015.746094;0.001984

16.79882;463.20544;9.62339;1902.816650;3022.562744;0.001984

16.79459;463.20969;9.65021;1905.883789;3020.645508;0.002016

24.43734;516.56482;11.32061;1898.646851;3039.169189;0.002304
