
96.258621;133.092926;1695.893677;70.690659;0.002176;114.472420

69.006020;123.638626;1668.901001;50.913090;0.001952;89.843040

62.687969;122.931267;1644.186157;45.715714;0.001920;88.453026

62.661598;122.980835;1644.506714;45.713570;0.001920;88.484924

62.695518;123.016228;1641.527588;45.727810;0.001920;88.443649

62.723904;122.971680;1652.497559;45.687969;0.001920;88.455650

62.732449;122.974564;1639.894043;45.692257;0.001920;88.558525

62.741470;122.963875;1637.968628;45.704414;0.001920;88.486176

73.248001;123.974525;1651.548950;53.517727;0.001984;93.992577

62.769409;122.946655;1645.282104;51.157921;0.002016;95.637794

62.769154;122.959358;1645.405396;45.695713;0.001888;88.479263

62.781216;122.966400;1638.904785;45.701057;0.001952;88.461220

62.790207;122.970116;1638.974854;45.721569;0.001888;88.484962

62.771263;122.995651;1643.185669;45.685440;0.001920;88.505951

62.768192;122.996033;1642.266357;45.707615;0.001920;88.436386

62.784481;122.957886;1644.852417;45.689247;0.001920;88.482689

93.202499;136.679138;1653.806519;70.641502;0.002240;115.884804

73.297729;123.898308;1661.754517;53.513214;0.001984;93.989632

62.778015;122.991905;1645.530518;45.706718;0.001920;88.446144

62.799999;122.980927;1645.527344;45.719711;0.001888;88.491776

62.780800;122.996864;1643.746216;45.703297;0.001888;88.520798

62.790688;122.934723;1642.756104;45.708927;0.001920;88.482109

62.785759;122.965218;1641.296387;45.719841;0.001920;88.501183

62.778336;122.945023;1639.321533;45.720543;0.001920;88.489342

97.268829;140.094788;1652.712036;70.660866;0.002208;120.342560

69.191101;123.280930;1655.061401;50.921665;0.001984;90.000572

62.783775;122.930237;1645.047485;45.713089;0.001888;88.465279

62.807873;122.985565;1647.951172;45.695808;0.001888;88.499390

62.808640;122.954269;1649.915527;45.718239;0.001888;88.477310

62.794559;122.981468;1650.549072;45.699074;0.001888;88.547745

62.798721;122.954781;1637.154907;45.706303;0.001920;88.469505

62.820290;122.956352;1653.602661;45.695202;0.001920;88.480835

96.618370;133.172028;1648.939697;70.649597;0.002208;114.515488

76.719841;124.310081;1672.158203;56.478081;0.002176;98.287361

63.229694;123.024063;1652.139038;46.414303;0.001920;88.463615

62.810272;122.978973;1653.733765;45.735294;0.001920;88.505249

62.826591;122.941475;1651.604492;45.694561;0.001920;88.474113

62.797630;122.989983;1650.663086;45.695423;0.001888;88.458397

62.799744;122.960220;1643.218506;45.710335;0.001888;88.484703

62.819969;122.964897;1650.053345;45.694687;0.001888;88.459167

91.283585;132.087738;1657.331055;70.680801;0.002240;111.596321

70.368515;123.946564;1650.420654;51.743679;0.001984;91.139679

62.807903;122.997314;1648.696411;45.714527;0.001920;88.501152

62.805920;122.981277;1649.429321;45.712799;0.001888;88.474045

62.814079;122.941536;1639.478516;45.709984;0.001920;88.451965

62.820606;122.930367;1641.355469;45.703903;0.001920;88.502403

62.796513;122.988640;1640.682617;45.705215;0.002144;88.493439

62.794018;122.967812;1640.803223;45.723263;0.001888;88.463165

97.292671;143.071259;1650.634766;70.685059;0.002208;122.561409

69.187843;123.157761;1654.363892;50.897633;0.001984;89.543968

62.834881;123.010498;1645.917603;45.717247;0.001952;88.511169

62.838593;123.006783;1650.280640;45.735073;0.001920;88.510628

62.818783;123.010017;1649.264282;45.722336;0.002048;88.456734

62.819584;122.940804;1649.285156;45.734272;0.001920;88.530846

62.817825;122.977631;1643.541748;45.699551;0.001888;88.502174

62.787872;122.985794;1640.419312;45.742146;0.001888;88.481155

97.146049;133.202271;1653.829224;70.674240;0.002208;114.933151

73.300125;124.048958;1662.609863;53.498913;0.001984;93.969437

62.804161;122.984161;1644.653442;45.714497;0.001920;88.508545

62.810303;122.991936;1642.036621;45.720577;0.001952;88.515747

62.833313;122.991043;1650.006592;45.693249;0.001952;88.471809

62.814850;122.974945;1650.975830;45.720543;0.001984;88.503906

62.823360;122.970818;1649.825684;45.714943;0.001920;88.514755

62.821026;122.990913;1649.429688;45.707584;0.001920;88.440414

80.176353;124.853058;1649.503540;58.622303;0.002048;101.666336

65.271133;123.265884;1645.834351;47.797153;0.002112;89.987518

62.824448;123.013283;1648.729614;45.720768;0.001888;88.521057

62.784702;122.972099;1649.473633;45.710014;0.001920;88.488991

62.811584;122.970818;1640.305298;45.730015;0.001888;88.465279

62.836769;122.971901;1643.239746;45.731998;0.001920;88.506271

62.796543;122.991615;1645.097778;45.725281;0.001920;88.442017

62.839710;122.989952;1648.349609;45.710560;0.001920;88.518913

97.338753;141.176926;1658.655396;70.711075;0.002208;121.091263

70.382622;123.803391;1655.486572;51.765888;0.001952;91.170563

62.794849;122.970848;1648.978271;45.705376;0.001920;88.492546

62.798496;123.011742;1642.999878;45.741791;0.001920;88.507202

62.783104;122.947647;1641.732788;45.715263;0.001888;88.468094

62.823746;122.950241;1638.329102;45.738495;0.001920;88.504990

62.819489;122.965508;1639.719727;45.726238;0.002016;88.565598

62.815521;123.022621;1642.187500;45.728607;0.002048;88.524162

86.931618;127.033089;1656.552734;63.321026;0.002112;107.448418

69.222366;123.221664;1652.750000;50.905376;0.001984;89.683266

62.784286;122.944702;1641.603516;45.742081;0.001920;88.523293

62.808384;122.946083;1645.331665;45.730591;0.001920;88.497887

62.796638;123.000481;1648.017090;45.736801;0.001920;88.482910

62.801502;122.983841;1648.323486;45.707073;0.002112;88.500099

62.790783;122.963326;1649.576538;45.702110;0.001888;88.499840

62.809631;122.988258;1640.133423;45.717632;0.001888;88.507553

85.951523;125.620094;1656.813477;63.339970;0.002144;103.892960

69.232094;123.825089;1653.734253;50.907967;0.001984;92.823906

64.211296;123.026978;1645.719482;47.072674;0.001952;88.494881

62.795135;122.939232;1648.432983;45.709728;0.001920;88.515427

62.813313;122.971779;1650.203613;45.703232;0.001920;88.531586

62.818401;122.959747;1652.810913;45.728416;0.001920;88.479294

62.817471;122.964226;1649.895264;45.745792;0.001920;88.498848

62.802719;123.006050;1651.465332;45.722591;0.001952;88.503265

93.196960;136.606308;1656.200317;70.695038;0.002208;115.960289

73.337311;123.656189;1664.469971;53.535744;0.001984;93.141731

62.807617;122.977470;1650.789795;45.693951;0.001920;88.473343

62.781631;122.956322;1639.875000;45.697567;0.001920;88.478912
