
52.890175;198.411072;11.073536;1958.343384;3041.290039;0.002304

39.328224;184.810913;9.644768;1940.200439;3026.666504;0.002016

34.868351;184.212250;9.632672;1926.611328;3020.233154;0.002016

34.869633;184.231354;9.626592;1936.220337;3022.478760;0.002016

34.912735;184.226212;9.662752;1932.938965;3020.944336;0.001984

34.913761;184.250076;9.626976;1930.445923;3020.607178;0.002016

52.988224;208.914658;11.327872;1945.612671;3046.859863;0.002272

42.548702;187.096603;9.646176;1959.493164;3025.197754;0.002112

38.769024;185.694595;9.652032;1949.484497;3024.460449;0.002048

35.475426;184.413696;9.632928;1931.713257;3024.401611;0.001984

34.909504;184.221405;9.660416;1941.009888;3017.152832;0.001984

34.906338;184.225220;9.661920;1929.624634;3018.926758;0.001984

53.012096;208.888199;11.325952;1937.718018;3047.269775;0.002304

39.420418;186.013824;9.643296;1951.173706;3027.595459;0.002016

36.123966;184.323196;9.662240;1936.749878;3025.454346;0.002016

34.912449;184.221191;9.662784;1927.050537;3024.268799;0.001984

34.922462;184.218567;9.659168;1919.700439;3023.559082;0.001984

38.776287;185.045532;9.648864;1924.779297;3022.187500;0.002048

34.922146;184.209671;9.621152;1941.062744;3021.574707;0.002016

34.945122;184.227036;9.650592;1927.819214;3017.211182;0.001984

34.921665;184.241440;9.645824;1939.720337;3024.409424;0.002016

34.917919;184.232895;9.627744;1923.145508;3021.475098;0.001984

47.754463;191.606430;10.062496;1956.565308;3039.650635;0.002176

39.412830;185.325470;9.620544;1948.727173;3027.959473;0.002080

34.919422;184.236221;9.659008;1928.219482;3019.748535;0.001952

34.924160;184.239166;9.627584;1936.332642;3019.085938;0.001984

34.931744;184.261017;9.658176;1929.231201;3020.934814;0.001984

47.712864;194.850525;10.064000;1983.454590;3042.832031;0.002176

39.431679;185.561188;9.618240;1933.998779;3021.940186;0.002016

36.131424;184.499588;9.628096;1936.451538;3022.663574;0.002016

34.918945;184.237701;9.661440;1933.223389;3022.022461;0.001984

43.330303;188.001114;9.646208;1966.172852;3027.804443;0.002112

38.800480;184.938400;9.623776;1944.463257;3020.269287;0.002048

34.923489;184.274078;9.655424;1933.946411;3019.411865;0.001984

34.904415;184.209503;9.622624;1933.284302;3017.077393;0.001984

34.935360;184.206238;9.655840;1921.732544;3022.810303;0.001984

37.829151;184.477249;9.653632;1929.577881;3027.481201;0.002016

34.922657;184.223587;9.653440;1934.935303;3021.336670;0.001984

34.960640;184.223846;9.661472;1937.038086;3020.006836;0.001952

34.915649;184.267868;9.632864;1935.500366;3019.751709;0.001984

37.818752;184.365158;9.616640;1941.359619;3027.558838;0.002048

34.920834;184.234238;9.626944;1939.117188;3021.151367;0.002016

34.950878;184.213318;9.633056;1935.325806;3019.836670;0.001952

34.943649;184.277313;9.654880;1938.037109;3027.959229;0.002240

34.947361;184.243515;9.630368;1930.935913;3019.295166;0.002016

38.745216;185.552673;9.612096;1934.059570;3024.862305;0.002144

35.478848;184.289062;9.651072;1921.602783;3453.519775;0.001984

34.924480;184.223557;9.630848;1936.997925;3023.506104;0.002016

34.924866;184.259079;9.652480;1930.774780;3018.034912;0.001984

34.908031;184.220612;9.658528;1934.653442;3451.079834;0.002016

34.940609;184.250046;9.632928;1925.367310;3017.222656;0.001984

53.049313;208.151932;11.324224;1920.855957;3046.838379;0.002304

43.359489;187.403717;9.650976;1953.652344;3035.168213;0.002112

36.132351;184.512482;9.622496;1942.297607;3027.170898;0.002336

34.924065;184.243515;9.656064;1936.084961;3016.871338;0.001984

34.921726;184.232346;9.635712;1936.443481;3018.046387;0.001984

34.955330;184.243835;9.661632;1935.860229;3021.950195;0.001984

53.049408;215.029251;11.325504;1938.450806;3046.273193;0.002304

39.435169;186.053146;9.617696;1955.543335;3028.632324;0.002080

36.141888;184.370331;9.658752;1938.464722;3020.980713;0.002016

34.944256;184.259262;9.644320;1929.030151;3017.310547;0.001984

34.931488;184.244125;9.629248;1932.728149;3018.050781;0.002016

34.923679;184.260452;9.654976;1935.373413;3021.373535;0.002016

37.825790;184.481918;9.623904;1939.460327;3025.628662;0.002048

34.918945;184.235291;9.660704;1936.430908;3021.326172;0.001984

34.912319;184.212860;9.628640;1924.669189;3020.564697;0.001984

34.915295;184.227997;9.628640;1936.529419;3020.321777;0.002016

34.930431;184.223450;9.653920;1929.097656;3853.943359;0.001984

47.704254;189.943420;10.065344;1964.613403;3039.356689;0.002272

39.430466;184.893478;9.621888;1947.576050;3028.822754;0.002048

34.953537;184.202560;9.658496;1931.859131;3018.803955;0.001984

34.939713;184.252121;9.651392;1932.261597;3019.229004;0.002016

34.921375;184.214813;9.632128;1933.097290;3450.733398;0.001984

38.778175;185.449921;9.644064;1938.287109;3021.842529;0.002112

35.482304;184.390915;9.625024;1931.240601;3023.047607;0.002016

34.916576;184.243896;9.659936;1934.775269;3021.132568;0.001984

34.934559;184.254852;9.628768;1934.169678;3019.659912;0.002208

34.926495;184.218842;9.630496;1938.376343;3023.764648;0.001952

37.813183;184.650497;9.650240;1933.348633;3032.677246;0.002016

34.902081;184.229340;9.623104;1929.566528;3022.694580;0.001984

34.929825;184.217636;9.623232;1931.125732;3021.136963;0.002016

34.925343;184.253372;9.662336;1936.593384;3018.376709;0.001984

34.933922;184.233948;9.660256;1939.933594;3020.625000;0.002016

47.728767;191.449722;10.066464;1961.901123;3040.171631;0.002176

39.412895;185.894470;9.644576;1942.988525;3028.368896;0.002016

36.170528;184.529922;9.660928;1937.475830;3018.781738;0.001984

34.930305;184.217178;9.653472;1929.644653;3021.733154;0.002016

34.912354;184.265503;9.651584;1934.210571;3018.574951;0.001952

53.058495;213.434525;11.319520;1946.609741;3039.370361;0.002272

41.804737;186.476028;9.642816;1947.780762;3031.048340;0.002080

36.128799;184.296448;9.639552;1931.363037;3021.100586;0.002016

34.914017;184.214874;9.652800;1941.751709;3023.024902;0.002016

34.951328;184.248474;9.665216;1939.550293;3019.528320;0.001984

37.824993;184.589539;9.650912;1932.257324;3025.623047;0.002016

34.929890;184.249283;9.628416;1927.237671;3023.623779;0.002016

34.927071;184.218567;9.629440;1941.261963;3453.311768;0.001984

34.931232;184.236740;9.654368;1934.823486;3026.912842;0.002016

34.928833;184.214661;9.627616;1924.890259;3020.169922;0.002016

39.401314;185.400101;9.617216;1924.317871;3027.006348;0.002080

36.158432;184.430969;9.659968;1935.266235;3020.595947;0.002048
